SF:lib/database/todos_db.g.dart
DA:15,4
DA:20,4
DA:22,4
DA:24,12
DA:26,12
DA:28,12
DA:30,12
DA:33,0
DA:35,0
DA:36,0
DA:37,0
DA:38,0
DA:39,0
DA:43,0
DA:44,0
DA:45,0
DA:46,0
DA:47,0
DA:48,0
DA:52,0
DA:54,0
DA:55,0
DA:56,0
DA:57,0
DA:58,0
DA:59,0
DA:62,0
DA:64,0
DA:65,0
DA:66,0
DA:67,0
DA:68,0
DA:69,0
DA:73,0
DA:75,0
DA:76,0
DA:77,0
DA:78,0
DA:79,0
DA:81,0
DA:83,0
DA:84,0
DA:85,0
DA:86,0
DA:87,0
DA:88,0
DA:89,0
DA:92,0
DA:93,0
DA:94,0
DA:97,0
DA:98,0
DA:99,0
DA:100,0
DA:101,0
DA:109,4
DA:115,4
DA:120,4
DA:121,4
DA:122,4
DA:123,0
DA:129,0
DA:130,0
DA:131,0
DA:132,0
DA:133,0
DA:137,0
DA:142,0
DA:143,0
DA:144,0
DA:145,0
DA:146,0
DA:150,4
DA:152,4
DA:153,8
DA:154,16
DA:156,8
DA:157,16
DA:159,8
DA:160,16
DA:162,8
DA:163,16
DA:168,0
DA:170,0
DA:171,0
DA:172,0
DA:173,0
DA:174,0
DA:175,0
DA:176,0
DA:185,4
DA:188,8
DA:189,4
DA:195,8
DA:196,4
DA:200,8
DA:201,4
DA:205,8
DA:206,4
DA:210,4
DA:211,20
DA:212,4
DA:213,4
DA:214,4
DA:216,4
DA:219,4
DA:220,4
DA:221,4
DA:222,24
DA:224,4
DA:225,4
DA:226,20
DA:228,0
DA:230,4
DA:231,8
DA:232,16
DA:234,0
DA:236,4
DA:237,4
DA:238,4
DA:239,8
DA:240,8
DA:242,0
DA:247,4
DA:248,4
DA:249,4
DA:251,4
DA:252,0
DA:255,0
DA:257,0
DA:262,8
DA:263,8
DA:264,0
DA:265,0
DA:266,4
DA:267,8
LF:136
LH:60
end_of_record
SF:lib/database/todos_db.dart
DA:11,0
DA:12,0
DA:13,0
DA:14,0
DA:19,0
DA:21,8
DA:23,4
DA:29,2
DA:30,6
DA:34,4
DA:35,12
DA:42,8
DA:48,2
DA:49,14
DA:55,2
DA:56,14
DA:60,0
DA:61,0
DA:62,0
DA:63,0
DA:64,0
LF:21
LH:11
end_of_record
SF:lib/localizations/app_localization.dart
DA:9,5
DA:11,5
DA:12,15
DA:14,5
DA:15,5
DA:17,0
DA:24,5
DA:26,5
DA:27,10
DA:28,0
DA:29,5
DA:30,5
DA:32,15
DA:33,5
DA:37,5
DA:38,5
DA:41,2
DA:42,2
DA:45,2
DA:49,2
DA:50,2
DA:53,2
DA:57,2
DA:58,2
DA:61,2
DA:65,1
DA:66,1
DA:69,1
DA:73,1
DA:74,1
DA:77,1
DA:81,1
DA:82,1
DA:85,1
DA:89,1
DA:90,1
DA:93,1
DA:97,1
DA:98,1
DA:101,1
DA:105,1
DA:106,1
DA:109,1
DA:113,3
DA:114,3
DA:117,3
DA:121,0
DA:122,0
DA:125,0
DA:129,0
DA:130,0
DA:133,0
LF:52
LH:44
end_of_record
SF:lib/logic/blocs/todos.dart
DA:7,0
DA:9,4
DA:11,6
DA:13,2
DA:14,4
DA:16,2
DA:17,4
DA:19,2
DA:20,4
DA:21,2
DA:25,3
DA:26,9
DA:27,6
DA:28,6
DA:29,6
DA:34,1
DA:35,3
DA:36,2
DA:37,2
DA:38,2
DA:43,0
LF:21
LH:19
end_of_record
SF:lib/ui/views/incomplete_tasks_view.dart
DA:9,7
DA:11,2
DA:13,6
DA:14,2
DA:15,2
DA:16,2
DA:19,2
DA:20,2
DA:21,2
DA:22,2
DA:26,2
DA:27,4
DA:28,8
DA:34,2
DA:35,2
DA:36,2
DA:37,4
DA:40,2
LF:18
LH:18
end_of_record
SF:lib/localizations/messages_all.dart
DA:23,15
DA:28,5
DA:30,5
DA:31,5
DA:32,0
DA:33,0
DA:40,5
DA:41,5
DA:43,15
DA:44,0
DA:46,0
DA:48,10
DA:49,10
DA:50,15
DA:51,10
DA:52,5
DA:55,5
DA:57,5
DA:63,5
DA:64,5
DA:65,0
DA:67,5
LF:22
LH:17
end_of_record
SF:lib/localizations/messages_en.dart
DA:15,15
DA:20,0
DA:23,10
DA:24,5
DA:25,5
DA:26,5
DA:27,5
DA:28,5
DA:29,5
DA:30,5
DA:31,5
DA:32,5
DA:33,5
DA:34,5
DA:35,5
LF:15
LH:14
end_of_record
SF:lib/localizations/messages_vi.dart
DA:15,0
DA:20,0
DA:23,0
DA:24,0
DA:25,0
DA:26,0
DA:27,0
DA:28,0
DA:29,0
DA:30,0
DA:31,0
DA:32,0
DA:33,0
DA:34,0
DA:35,0
LF:15
LH:0
end_of_record
SF:lib/ui/views/all_tasks_view.dart
DA:9,7
DA:11,2
DA:13,6
DA:14,2
DA:15,2
DA:18,2
DA:21,2
DA:22,2
DA:23,2
DA:24,2
DA:28,2
DA:29,4
DA:30,8
DA:36,2
DA:37,2
DA:38,2
DA:39,4
DA:42,2
LF:18
LH:18
end_of_record
SF:lib/ui/widgets/todo_list.dart
DA:9,4
DA:12,4
DA:14,4
DA:16,8
DA:17,4
DA:18,3
DA:20,3
DA:21,3
DA:22,3
DA:24,3
DA:26,3
DA:27,3
DA:28,3
DA:29,6
DA:30,3
DA:31,3
DA:32,3
DA:33,15
DA:36,8
DA:37,0
DA:38,0
DA:39,0
DA:41,0
DA:42,0
DA:43,0
DA:44,0
LF:26
LH:19
end_of_record
SF:lib/ui/views/complete_tasks_view.dart
DA:9,7
DA:11,2
DA:13,6
DA:14,2
DA:15,2
DA:16,2
DA:19,2
DA:20,2
DA:21,2
DA:22,2
DA:26,2
DA:27,4
DA:28,8
DA:34,2
DA:35,2
DA:36,2
DA:37,4
DA:40,2
LF:18
LH:18
end_of_record
SF:lib/ui/views/my_todos_page.dart
DA:11,1
DA:13,1
DA:14,1
DA:22,1
DA:24,1
DA:25,1
DA:26,1
DA:27,1
DA:28,1
DA:29,0
DA:30,0
DA:37,1
DA:39,2
DA:40,1
DA:43,2
DA:44,1
DA:45,1
DA:53,2
DA:54,1
DA:55,1
DA:56,1
DA:57,1
DA:58,1
DA:59,2
DA:60,3
DA:62,1
DA:63,3
DA:66,3
DA:68,1
DA:69,3
DA:72,3
DA:77,1
DA:78,2
DA:79,1
DA:83,1
DA:84,2
DA:85,1
DA:87,2
DA:92,0
DA:93,0
DA:94,0
DA:99,0
DA:100,0
DA:106,0
DA:108,0
DA:110,0
DA:111,0
LF:47
LH:36
end_of_record
SF:lib/ui/widgets/new_todo_sheet.dart
DA:6,7
DA:8,1
DA:9,1
DA:17,1
DA:19,1
DA:20,3
DA:23,1
DA:25,1
DA:26,1
DA:28,1
DA:29,1
DA:30,1
DA:35,1
DA:37,3
DA:38,2
DA:39,2
DA:40,2
DA:41,1
DA:44,1
DA:45,1
DA:46,1
DA:48,1
DA:53,1
DA:54,1
DA:56,1
DA:57,1
DA:58,1
DA:59,1
DA:65,1
DA:67,1
DA:68,1
DA:69,1
DA:74,1
DA:75,1
DA:76,1
DA:81,1
DA:82,1
DA:83,3
DA:85,0
DA:86,0
DA:90,1
DA:92,1
DA:94,1
DA:95,1
DA:96,1
DA:97,1
DA:98,1
DA:99,1
DA:100,1
DA:101,1
DA:102,3
DA:114,1
DA:115,2
DA:116,3
DA:119,0
DA:120,0
DA:121,0
DA:124,1
DA:125,2
DA:126,1
DA:127,1
DA:129,3
DA:133,1
DA:137,2
DA:139,2
DA:140,1
DA:141,2
DA:143,4
DA:144,4
DA:145,1
DA:146,1
DA:147,1
DA:148,2
DA:150,4
DA:152,1
DA:153,0
DA:154,0
DA:156,4
DA:162,1
DA:163,0
DA:165,2
LF:81
LH:73
end_of_record
SF:lib/ui/widgets/todo_tile.dart
DA:9,6
DA:11,3
DA:12,3
DA:16,3
DA:18,3
DA:19,9
DA:20,9
DA:21,3
DA:24,3
DA:26,9
DA:30,3
DA:34,3
DA:35,6
DA:36,3
DA:37,6
DA:38,1
DA:39,3
LF:17
LH:17
end_of_record
